  Tulsi_01.cpp
C:\Users\Administrator\source\repos\Tulsi_01\Tulsi_01.cpp(16): warning C4244: 'return': conversion from 'double' to 'float', possible loss of data
C:\Users\Administrator\source\repos\Tulsi_01\Tulsi_01.cpp(83): warning C4244: 'argument': conversion from 'T' to 'float', possible loss of data
          with
          [
              T=unsigned int
          ]
C:\Users\Administrator\source\repos\Tulsi_01\Tulsi_01.cpp(95): warning C4244: 'argument': conversion from 'T' to 'T', possible loss of data
          with
          [
              T=unsigned int
          ]
          and
          [
              T=float
          ]
C:\Users\Administrator\source\repos\Tulsi_01\Tulsi_01.cpp(98): warning C4244: 'argument': conversion from 'T' to 'T', possible loss of data
          with
          [
              T=unsigned int
          ]
          and
          [
              T=float
          ]
C:\Users\Administrator\source\repos\Tulsi_01\Tulsi_01.cpp(101): warning C4244: 'argument': conversion from 'T' to 'T', possible loss of data
          with
          [
              T=unsigned int
          ]
          and
          [
              T=float
          ]
C:\Users\Administrator\source\repos\Tulsi_01\Tulsi_01.cpp(103): warning C4244: 'argument': conversion from 'T' to 'T', possible loss of data
          with
          [
              T=unsigned int
          ]
          and
          [
              T=float
          ]
C:\Users\Administrator\source\repos\Tulsi_01\Tulsi_01.cpp(107): warning C4244: 'argument': conversion from 'T' to 'float', possible loss of data
          with
          [
              T=unsigned int
          ]
C:\Users\Administrator\source\repos\Tulsi_01\Tulsi_01.cpp(110): warning C4244: 'argument': conversion from 'T' to 'float', possible loss of data
          with
          [
              T=unsigned int
          ]
C:\Users\Administrator\source\repos\Tulsi_01\Tulsi_01.cpp(127): warning C4244: 'argument': conversion from 'T' to 'float', possible loss of data
          with
          [
              T=unsigned int
          ]
C:\Users\Administrator\source\repos\Tulsi_01\Tulsi_01.cpp(127): warning C4244: 'argument': conversion from 'int' to 'float', possible loss of data
C:\Users\Administrator\source\repos\Tulsi_01\Tulsi_01.cpp(130): warning C4244: 'argument': conversion from 'int' to 'float', possible loss of data
C:\Users\Administrator\source\repos\Tulsi_01\Tulsi_01.cpp(130): warning C4244: 'argument': conversion from 'T' to 'float', possible loss of data
          with
          [
              T=unsigned int
          ]
C:\Users\Administrator\source\repos\Tulsi_01\Tulsi_01.cpp(133): warning C4244: 'argument': conversion from 'T' to 'float', possible loss of data
          with
          [
              T=unsigned int
          ]
  Generating code
  1 of 123 functions ( 0.8%) were compiled, the rest were copied from previous compilation.
    0 functions were new in current compilation
    3 functions had inline decision re-evaluated but remain unchanged
  Finished generating code
  Tulsi_01.vcxproj -> C:\Users\Administrator\source\repos\Tulsi_01\x64\Release\Tulsi_01.exe
