c:\users\administrator\source\repos\tulsi_01\x64\debug\vc142.pdb
c:\users\administrator\source\repos\tulsi_01\x64\debug\vc142.idb
c:\users\administrator\source\repos\tulsi_01\x64\debug\statemachine.obj
c:\users\administrator\source\repos\tulsi_01\x64\debug\screengrid.obj
c:\users\administrator\source\repos\tulsi_01\x64\debug\gamescreenstate.obj
c:\users\administrator\source\repos\tulsi_01\x64\debug\tulsi_01.obj
c:\users\administrator\source\repos\tulsi_01\x64\debug\gamemanager.obj
c:\users\administrator\source\repos\tulsi_01\x64\debug\mainmenuscreen.obj
c:\users\administrator\source\repos\tulsi_01\x64\debug\gameplayscreen.obj
c:\users\administrator\source\repos\tulsi_01\x64\debug\state.obj
c:\users\administrator\source\repos\tulsi_01\x64\debug\button.obj
c:\users\administrator\source\repos\tulsi_01\x64\debug\mainmenuscreen.new.obj.enc
c:\users\administrator\source\repos\tulsi_01\x64\debug\tulsi_01.pdb
c:\users\administrator\source\repos\tulsi_01\x64\debug\tulsi_01.tlog\cl.command.1.tlog
c:\users\administrator\source\repos\tulsi_01\x64\debug\tulsi_01.tlog\cl.read.1.tlog
c:\users\administrator\source\repos\tulsi_01\x64\debug\tulsi_01.tlog\cl.write.1.tlog
c:\users\administrator\source\repos\tulsi_01\x64\debug\tulsi_01.tlog\link.102832-cvtres.read.1.tlog
c:\users\administrator\source\repos\tulsi_01\x64\debug\tulsi_01.tlog\link.102832-cvtres.write.1.tlog
c:\users\administrator\source\repos\tulsi_01\x64\debug\tulsi_01.tlog\link.102832-rc.read.1.tlog
c:\users\administrator\source\repos\tulsi_01\x64\debug\tulsi_01.tlog\link.102832-rc.write.1.tlog
c:\users\administrator\source\repos\tulsi_01\x64\debug\tulsi_01.tlog\link.102832.read.1.tlog
c:\users\administrator\source\repos\tulsi_01\x64\debug\tulsi_01.tlog\link.102832.write.1.tlog
c:\users\administrator\source\repos\tulsi_01\x64\debug\tulsi_01.tlog\link.command.1.tlog
c:\users\administrator\source\repos\tulsi_01\x64\debug\tulsi_01.tlog\link.read.1.tlog
c:\users\administrator\source\repos\tulsi_01\x64\debug\tulsi_01.tlog\link.write.1.tlog
