  Building Custom Rule C:/Users/Administrator/Downloads/SFML-2.6.1-sources/SFML-2.6.1/src/SFML/System/CMakeLists.txt
  Clock.cpp
  Err.cpp
  Lock.cpp
  Mutex.cpp
  Sleep.cpp
  String.cpp
  Thread.cpp
  ThreadLocal.cpp
  Time.cpp
  FileInputStream.cpp
  MemoryInputStream.cpp
  ClockImpl.cpp
  MutexImpl.cpp
  SleepImpl.cpp
  ThreadImpl.cpp
  ThreadLocalImpl.cpp
  Generating Code...
     Creating library C:/Users/Administrator/Downloads/SFML-2.6.1-sources/SFML-2.6.1/build/lib/Debug/sfml-system-d.lib and object C:/Users/Administrator/Downloads/SFML-2.6.1-sources/SFML-2.6.1/build/lib/Debug/sfml-system-d.exp
  sfml-system.vcxproj -> C:\Users\Administrator\Downloads\SFML-2.6.1-sources\SFML-2.6.1\build\lib\Debug\sfml-system-d-2.dll
