  Building Custom Rule C:/Users/Administrator/Downloads/SFML-2.6.1-sources/SFML-2.6.1/src/SFML/Audio/CMakeLists.txt
  ALCheck.cpp
  AlResource.cpp
  AudioDevice.cpp
  Listener.cpp
  Music.cpp
  Sound.cpp
  SoundBuffer.cpp
  SoundBufferRecorder.cpp
  InputSoundFile.cpp
  OutputSoundFile.cpp
  SoundRecorder.cpp
  SoundSource.cpp
  SoundStream.cpp
  SoundFileFactory.cpp
  SoundFileReaderFlac.cpp
  SoundFileReaderMp3.cpp
  SoundFileReaderOgg.cpp
  SoundFileReaderWav.cpp
  SoundFileWriterFlac.cpp
  SoundFileWriterOgg.cpp
  Generating Code...
  Compiling...
  SoundFileWriterWav.cpp
  Generating Code...
     Creating library C:/Users/Administrator/Downloads/SFML-2.6.1-sources/SFML-2.6.1/build/lib/Debug/sfml-audio-d.lib and object C:/Users/Administrator/Downloads/SFML-2.6.1-sources/SFML-2.6.1/build/lib/Debug/sfml-audio-d.exp
  sfml-audio.vcxproj -> C:\Users\Administrator\Downloads\SFML-2.6.1-sources\SFML-2.6.1\build\lib\Debug\sfml-audio-d-2.dll
